2025-06-08 15:34:13,238 - INFO - Dólar obtenido: $930.79 - Fecha: 2025-06-08
2025-06-08 15:34:13,239 - INFO - Datos guardados exitosamente
2025-06-08 15:34:13,671 - INFO - Gráfico generado exitosamente
2025-06-08 15:34:13,672 - INFO - Variación calculada: 0.0% | Valor anterior: $930.79 \u2192 Valor actual: $930.79
2025-06-08 15:37:03,207 - INFO - Datos obtenidos: $930.79 - Fecha: 2025-06-08
2025-06-08 15:37:03,213 - INFO - Variación calculada: 0.0% | Valor anterior: $930.79 \u2192 Valor actual: $930.79
2025-06-08 15:37:03,213 - INFO - Datos guardados exitosamente
2025-06-08 15:37:03,576 - INFO - Gráfico generado exitosamente
2025-06-08 15:37:03,578 - INFO - Variación calculada: 0.0% | Valor anterior: $930.79 \u2192 Valor actual: $930.79
2025-06-08 15:39:47,983 - INFO - Datos obtenidos: $930.79 - Fecha: 2025-06-08
2025-06-08 15:39:47,995 - INFO - Variación calculada: 0.0% | Valor anterior: $930.79 \u2192 Valor actual: $930.79
2025-06-08 15:39:47,996 - INFO - Datos guardados exitosamente
2025-06-08 15:39:48,382 - INFO - Gráfico generado exitosamente
2025-06-08 15:39:48,384 - INFO - Variación calculada: 0.0% | Valor anterior: $930.79 \u2192 Valor actual: $930.79
2025-12-17 17:23:06,679 - ERROR - Error de conexión con la API: HTTPSConnectionPool(host='mindicador.cl', port=443): Read timed out. (read timeout=10)
2025-12-17 17:23:46,554 - INFO - Datos obtenidos: $913.74 - Fecha: 2025-12-17
2025-12-17 17:23:46,557 - INFO - Variación calculada: -1.83% | Valor anterior: $930.79 \u2192 Valor actual: $913.74
2025-12-17 17:23:46,557 - INFO - Datos guardados exitosamente
2025-12-17 17:23:47,648 - INFO - Gráfico generado exitosamente
2025-12-17 17:23:47,649 - INFO - Variación calculada: 0.0% | Valor anterior: $913.74 \u2192 Valor actual: $913.74
2026-03-01 22:32:13,324 - INFO - Datos obtenidos: $861.19 - Fecha: 2026-03-01
2026-03-01 22:32:13,338 - INFO - Variación calculada: -5.75% | Valor anterior: $913.74 \u2192 Valor actual: $861.19
2026-03-01 22:32:13,338 - INFO - Datos guardados exitosamente
2026-03-01 22:32:14,296 - INFO - Gráfico generado exitosamente
2026-03-01 22:32:14,296 - WARNING - Faltan credenciales de Meta en el archivo .env.
2026-03-01 22:37:47,261 - INFO - Datos obtenidos: $861.19 - Fecha: 2026-03-01
2026-03-01 22:37:47,264 - INFO - Variación calculada: 0.0% | Valor anterior: $861.19 \u2192 Valor actual: $861.19
2026-03-01 22:37:47,264 - INFO - Datos guardados exitosamente
2026-03-01 22:37:47,657 - INFO - Gráfico generado exitosamente
2026-03-01 22:37:47,657 - WARNING - Faltan credenciales de Meta en el archivo .env.
2026-03-01 22:38:45,809 - INFO - Datos obtenidos: $861.19 - Fecha: 2026-03-01
2026-03-01 22:38:45,812 - INFO - Variación calculada: 0.0% | Valor anterior: $861.19 \u2192 Valor actual: $861.19
2026-03-01 22:38:45,812 - INFO - Datos guardados exitosamente
2026-03-01 22:38:46,196 - INFO - Gráfico generado exitosamente
2026-03-01 22:38:46,196 - WARNING - Faltan credenciales de Meta en el archivo .env.
2026-03-01 22:42:41,809 - INFO - Datos obtenidos: $861.19 - Fecha: 2026-03-01
2026-03-01 22:42:41,811 - INFO - Variación calculada: 0.0% | Valor anterior: $861.19 \u2192 Valor actual: $861.19
2026-03-01 22:42:41,812 - INFO - Datos guardados exitosamente
2026-03-01 22:42:42,202 - INFO - Gráfico generado exitosamente
2026-03-01 22:42:42,202 - WARNING - Faltan credenciales de Meta en el archivo .env.
2026-03-01 22:44:19,074 - INFO - Datos obtenidos: $861.19 - Fecha: 2026-03-01
2026-03-01 22:44:19,077 - INFO - Variación calculada: 0.0% | Valor anterior: $861.19 \u2192 Valor actual: $861.19
2026-03-01 22:44:19,077 - INFO - Datos guardados exitosamente
2026-03-01 22:44:19,471 - INFO - Gráfico generado exitosamente
2026-03-01 22:44:22,677 - INFO - WhatsApp enviado exitosamente vía Meta Cloud API
2026-03-01 23:23:31,003 - INFO - Datos obtenidos: $861.19 - Fecha: 2026-03-01
2026-03-01 23:23:31,006 - INFO - Variación calculada: 0.0% | Valor anterior: $861.19 \u2192 Valor actual: $861.19
2026-03-01 23:23:31,006 - INFO - Datos guardados exitosamente
2026-03-01 23:23:31,407 - INFO - Gráfico generado exitosamente
2026-03-01 23:23:31,407 - WARNING - Falta la URL del Webhook de n8n en el archivo .env.
2026-03-01 23:24:08,387 - INFO - Datos obtenidos: $861.19 - Fecha: 2026-03-01
2026-03-01 23:24:08,390 - INFO - Variación calculada: 0.0% | Valor anterior: $861.19 \u2192 Valor actual: $861.19
2026-03-01 23:24:08,390 - INFO - Datos guardados exitosamente
2026-03-01 23:24:08,780 - INFO - Gráfico generado exitosamente
2026-03-01 23:24:08,780 - WARNING - Falta la URL del Webhook de n8n en el archivo .env.
2026-03-03 14:11:19,741 - ERROR - Error inesperado: HTTPSConnectionPool(host='mindicador.cl', port=443): Read timed out. (read timeout=10)
Traceback (most recent call last):
  File "C:\Users\CIOI\AppData\Local\Python\pythoncore-3.14-64\Lib\site-packages\urllib3\connectionpool.py", line 534, in _make_request
    response = conn.getresponse()
  File "C:\Users\CIOI\AppData\Local\Python\pythoncore-3.14-64\Lib\site-packages\urllib3\connection.py", line 571, in getresponse
    httplib_response = super().getresponse()
  File "C:\Users\CIOI\AppData\Local\Python\pythoncore-3.14-64\Lib\http\client.py", line 1450, in getresponse
    response.begin()
    ~~~~~~~~~~~~~~^^
  File "C:\Users\CIOI\AppData\Local\Python\pythoncore-3.14-64\Lib\http\client.py", line 336, in begin
    version, status, reason = self._read_status()
                              ~~~~~~~~~~~~~~~~~^^
  File "C:\Users\CIOI\AppData\Local\Python\pythoncore-3.14-64\Lib\http\client.py", line 297, in _read_status
    line = str(self.fp.readline(_MAXLINE + 1), "iso-8859-1")
               ~~~~~~~~~~~~~~~~^^^^^^^^^^^^^^
  File "C:\Users\CIOI\AppData\Local\Python\pythoncore-3.14-64\Lib\socket.py", line 725, in readinto
    return self._sock.recv_into(b)
           ~~~~~~~~~~~~~~~~~~~~^^^
  File "C:\Users\CIOI\AppData\Local\Python\pythoncore-3.14-64\Lib\ssl.py", line 1304, in recv_into
    return self.read(nbytes, buffer)
           ~~~~~~~~~^^^^^^^^^^^^^^^^
  File "C:\Users\CIOI\AppData\Local\Python\pythoncore-3.14-64\Lib\ssl.py", line 1138, in read
    return self._sslobj.read(len, buffer)
           ~~~~~~~~~~~~~~~~~^^^^^^^^^^^^^
TimeoutError: The read operation timed out

The above exception was the direct cause of the following exception:

Traceback (most recent call last):
  File "C:\Users\CIOI\AppData\Local\Python\pythoncore-3.14-64\Lib\site-packages\requests\adapters.py", line 644, in send
    resp = conn.urlopen(
        method=request.method,
    ...<9 lines>...
        chunked=chunked,
    )
  File "C:\Users\CIOI\AppData\Local\Python\pythoncore-3.14-64\Lib\site-packages\urllib3\connectionpool.py", line 841, in urlopen
    retries = retries.increment(
        method, url, error=new_e, _pool=self, _stacktrace=sys.exc_info()[2]
    )
  File "C:\Users\CIOI\AppData\Local\Python\pythoncore-3.14-64\Lib\site-packages\urllib3\util\retry.py", line 474, in increment
    raise reraise(type(error), error, _stacktrace)
          ~~~~~~~^^^^^^^^^^^^^^^^^^^^^^^^^^^^^^^^^
  File "C:\Users\CIOI\AppData\Local\Python\pythoncore-3.14-64\Lib\site-packages\urllib3\util\util.py", line 39, in reraise
    raise value
  File "C:\Users\CIOI\AppData\Local\Python\pythoncore-3.14-64\Lib\site-packages\urllib3\connectionpool.py", line 787, in urlopen
    response = self._make_request(
        conn,
    ...<10 lines>...
        **response_kw,
    )
  File "C:\Users\CIOI\AppData\Local\Python\pythoncore-3.14-64\Lib\site-packages\urllib3\connectionpool.py", line 536, in _make_request
    self._raise_timeout(err=e, url=url, timeout_value=read_timeout)
    ~~~~~~~~~~~~~~~~~~~^^^^^^^^^^^^^^^^^^^^^^^^^^^^^^^^^^^^^^^^^^^^
  File "C:\Users\CIOI\AppData\Local\Python\pythoncore-3.14-64\Lib\site-packages\urllib3\connectionpool.py", line 367, in _raise_timeout
    raise ReadTimeoutError(
        self, url, f"Read timed out. (read timeout={timeout_value})"
    ) from err
urllib3.exceptions.ReadTimeoutError: HTTPSConnectionPool(host='mindicador.cl', port=443): Read timed out. (read timeout=10)

During handling of the above exception, another exception occurred:

Traceback (most recent call last):
  File "c:\Users\CIOI\Downloads\Scraper-Dolar-main\scraper_dolar.py", line 47, in obtener_datos_dolar
    response = self.session.get(self.BASE_URL, timeout=10)
  File "C:\Users\CIOI\AppData\Local\Python\pythoncore-3.14-64\Lib\site-packages\requests\sessions.py", line 602, in get
    return self.request("GET", url, **kwargs)
           ~~~~~~~~~~~~^^^^^^^^^^^^^^^^^^^^^^
  File "C:\Users\CIOI\AppData\Local\Python\pythoncore-3.14-64\Lib\site-packages\requests\sessions.py", line 589, in request
    resp = self.send(prep, **send_kwargs)
  File "C:\Users\CIOI\AppData\Local\Python\pythoncore-3.14-64\Lib\site-packages\requests\sessions.py", line 703, in send
    r = adapter.send(request, **kwargs)
  File "C:\Users\CIOI\AppData\Local\Python\pythoncore-3.14-64\Lib\site-packages\requests\adapters.py", line 690, in send
    raise ReadTimeout(e, request=request)
requests.exceptions.ReadTimeout: HTTPSConnectionPool(host='mindicador.cl', port=443): Read timed out. (read timeout=10)
2026-03-03 14:39:06,367 - INFO - [31m[1mWARNING: This is a development server. Do not use it in a production deployment. Use a production WSGI server instead.[0m
 * Running on all addresses (0.0.0.0)
 * Running on http://127.0.0.1:5000
 * Running on http://192.168.3.3:5000
2026-03-03 14:39:06,367 - INFO - [33mPress CTRL+C to quit[0m
2026-03-03 14:40:28,079 - INFO - 127.0.0.1 - - [03/Mar/2026 14:40:28] "GET /api/consultar-dolar HTTP/1.1" 200 -
2026-03-03 14:40:28,151 - INFO - 127.0.0.1 - - [03/Mar/2026 14:40:28] "[33mGET /favicon.ico HTTP/1.1[0m" 404 -
2026-03-03 14:58:58,144 - INFO - 127.0.0.1 - - [03/Mar/2026 14:58:58] "GET /api/consultar-dolar HTTP/1.1" 200 -
2026-03-03 17:01:04,566 - INFO - [31m[1mWARNING: This is a development server. Do not use it in a production deployment. Use a production WSGI server instead.[0m
 * Running on all addresses (0.0.0.0)
 * Running on http://127.0.0.1:5000
 * Running on http://192.168.3.3:5000
2026-03-03 17:01:04,566 - INFO - [33mPress CTRL+C to quit[0m
2026-03-03 17:01:15,716 - ERROR - Exception on /api/consultar-dolar [GET]
Traceback (most recent call last):
  File "C:\Users\CIOI\AppData\Local\Python\pythoncore-3.14-64\Lib\site-packages\flask\app.py", line 1511, in wsgi_app
    response = self.full_dispatch_request()
  File "C:\Users\CIOI\AppData\Local\Python\pythoncore-3.14-64\Lib\site-packages\flask\app.py", line 919, in full_dispatch_request
    rv = self.handle_user_exception(e)
  File "C:\Users\CIOI\AppData\Local\Python\pythoncore-3.14-64\Lib\site-packages\flask\app.py", line 917, in full_dispatch_request
    rv = self.dispatch_request()
  File "C:\Users\CIOI\AppData\Local\Python\pythoncore-3.14-64\Lib\site-packages\flask\app.py", line 902, in dispatch_request
    return self.ensure_sync(self.view_functions[rule.endpoint])(**view_args)  # type: ignore[no-any-return]
           ~~~~~~~~~~~~~~~~~~~~~~~~~~~~~~~~~~~~~~~~~~~~~~~~~~~~^^^^^^^^^^^^^
  File "c:\Users\CIOI\Downloads\Scraper-Dolar-main\scraper_dolar.py", line 80, in endpoint_dolar
    scraper.generar_grafico()
    ^^^^^^^^^^^^^^^^^^^^^^^
AttributeError: 'ScraperDolar' object has no attribute 'generar_grafico'
2026-03-03 17:01:15,717 - INFO - 127.0.0.1 - - [03/Mar/2026 17:01:15] "[35m[1mGET /api/consultar-dolar HTTP/1.1[0m" 500 -
2026-03-03 17:01:26,405 - ERROR - Exception on /api/consultar-dolar [GET]
Traceback (most recent call last):
  File "C:\Users\CIOI\AppData\Local\Python\pythoncore-3.14-64\Lib\site-packages\flask\app.py", line 1511, in wsgi_app
    response = self.full_dispatch_request()
  File "C:\Users\CIOI\AppData\Local\Python\pythoncore-3.14-64\Lib\site-packages\flask\app.py", line 919, in full_dispatch_request
    rv = self.handle_user_exception(e)
  File "C:\Users\CIOI\AppData\Local\Python\pythoncore-3.14-64\Lib\site-packages\flask\app.py", line 917, in full_dispatch_request
    rv = self.dispatch_request()
  File "C:\Users\CIOI\AppData\Local\Python\pythoncore-3.14-64\Lib\site-packages\flask\app.py", line 902, in dispatch_request
    return self.ensure_sync(self.view_functions[rule.endpoint])(**view_args)  # type: ignore[no-any-return]
           ~~~~~~~~~~~~~~~~~~~~~~~~~~~~~~~~~~~~~~~~~~~~~~~~~~~~^^^^^^^^^^^^^
  File "c:\Users\CIOI\Downloads\Scraper-Dolar-main\scraper_dolar.py", line 80, in endpoint_dolar
    scraper.generar_grafico()
    ^^^^^^^^^^^^^^^^^^^^^^^
AttributeError: 'ScraperDolar' object has no attribute 'generar_grafico'
2026-03-03 17:01:26,406 - INFO - 127.0.0.1 - - [03/Mar/2026 17:01:26] "[35m[1mGET /api/consultar-dolar HTTP/1.1[0m" 500 -
2026-03-03 17:03:49,934 - INFO - [31m[1mWARNING: This is a development server. Do not use it in a production deployment. Use a production WSGI server instead.[0m
 * Running on all addresses (0.0.0.0)
 * Running on http://127.0.0.1:5000
 * Running on http://192.168.3.3:5000
2026-03-03 17:03:49,935 - INFO - [33mPress CTRL+C to quit[0m
2026-03-03 17:04:06,551 - ERROR - Error: HTTPSConnectionPool(host='mindicador.cl', port=443): Read timed out. (read timeout=10)
2026-03-03 17:04:06,551 - INFO - 127.0.0.1 - - [03/Mar/2026 17:04:06] "[35m[1mGET /api/consultar-dolar HTTP/1.1[0m" 500 -
2026-03-03 17:06:19,408 - INFO - [31m[1mWARNING: This is a development server. Do not use it in a production deployment. Use a production WSGI server instead.[0m
 * Running on all addresses (0.0.0.0)
 * Running on http://127.0.0.1:5000
 * Running on http://192.168.3.3:5000
2026-03-03 17:06:19,408 - INFO - [33mPress CTRL+C to quit[0m
2026-03-03 17:06:28,602 - ERROR - Exception on /api/consultar-dolar [GET]
Traceback (most recent call last):
  File "C:\Users\CIOI\AppData\Local\Python\pythoncore-3.14-64\Lib\site-packages\flask\app.py", line 1511, in wsgi_app
    response = self.full_dispatch_request()
  File "C:\Users\CIOI\AppData\Local\Python\pythoncore-3.14-64\Lib\site-packages\flask\app.py", line 919, in full_dispatch_request
    rv = self.handle_user_exception(e)
  File "C:\Users\CIOI\AppData\Local\Python\pythoncore-3.14-64\Lib\site-packages\flask\app.py", line 917, in full_dispatch_request
    rv = self.dispatch_request()
  File "C:\Users\CIOI\AppData\Local\Python\pythoncore-3.14-64\Lib\site-packages\flask\app.py", line 902, in dispatch_request
    return self.ensure_sync(self.view_functions[rule.endpoint])(**view_args)  # type: ignore[no-any-return]
           ~~~~~~~~~~~~~~~~~~~~~~~~~~~~~~~~~~~~~~~~~~~~~~~~~~~~^^^^^^^^^^^^^
  File "c:\Users\CIOI\Downloads\Scraper-Dolar-main\scraper_dolar.py", line 82, in endpoint_dolar
    scraper.generar_grafico()
    ^^^^^^^^^^^^^^^^^^^^^^^
AttributeError: 'ScraperDolar' object has no attribute 'generar_grafico'
2026-03-03 17:06:28,604 - INFO - 127.0.0.1 - - [03/Mar/2026 17:06:28] "[35m[1mGET /api/consultar-dolar HTTP/1.1[0m" 500 -
2026-03-03 17:06:43,014 - ERROR - Exception on /api/consultar-dolar [GET]
Traceback (most recent call last):
  File "C:\Users\CIOI\AppData\Local\Python\pythoncore-3.14-64\Lib\site-packages\flask\app.py", line 1511, in wsgi_app
    response = self.full_dispatch_request()
  File "C:\Users\CIOI\AppData\Local\Python\pythoncore-3.14-64\Lib\site-packages\flask\app.py", line 919, in full_dispatch_request
    rv = self.handle_user_exception(e)
  File "C:\Users\CIOI\AppData\Local\Python\pythoncore-3.14-64\Lib\site-packages\flask\app.py", line 917, in full_dispatch_request
    rv = self.dispatch_request()
  File "C:\Users\CIOI\AppData\Local\Python\pythoncore-3.14-64\Lib\site-packages\flask\app.py", line 902, in dispatch_request
    return self.ensure_sync(self.view_functions[rule.endpoint])(**view_args)  # type: ignore[no-any-return]
           ~~~~~~~~~~~~~~~~~~~~~~~~~~~~~~~~~~~~~~~~~~~~~~~~~~~~^^^^^^^^^^^^^
  File "c:\Users\CIOI\Downloads\Scraper-Dolar-main\scraper_dolar.py", line 82, in endpoint_dolar
    scraper.generar_grafico()
    ^^^^^^^^^^^^^^^^^^^^^^^
AttributeError: 'ScraperDolar' object has no attribute 'generar_grafico'
2026-03-03 17:06:43,015 - INFO - 127.0.0.1 - - [03/Mar/2026 17:06:43] "[35m[1mGET /api/consultar-dolar HTTP/1.1[0m" 500 -
2026-03-03 17:09:00,971 - INFO - [31m[1mWARNING: This is a development server. Do not use it in a production deployment. Use a production WSGI server instead.[0m
 * Running on all addresses (0.0.0.0)
 * Running on http://127.0.0.1:5000
 * Running on http://192.168.3.3:5000
2026-03-03 17:09:00,971 - INFO - [33mPress CTRL+C to quit[0m
2026-03-03 17:09:10,511 - INFO - 127.0.0.1 - - [03/Mar/2026 17:09:10] "GET /api/consultar-dolar HTTP/1.1" 200 -
